[debug] [2017-09-29T16:23:59.898Z] ----------------------------------------------------------------------
[debug] [2017-09-29T16:23:59.900Z] Command:       /usr/local/bin/node /usr/local/bin/firebase deploy
[debug] [2017-09-29T16:23:59.901Z] CLI Version:   3.12.0
[debug] [2017-09-29T16:23:59.901Z] Platform:      darwin
[debug] [2017-09-29T16:23:59.901Z] Node Version:  v6.11.3
[debug] [2017-09-29T16:23:59.902Z] Time:          Fri Sep 29 2017 09:23:59 GMT-0700 (PDT)
[debug] [2017-09-29T16:23:59.902Z] ----------------------------------------------------------------------
[debug] 
[debug] [2017-09-29T16:23:59.918Z] > command requires scopes: ["email","openid","https://www.googleapis.com/auth/cloudplatformprojects.readonly","https://www.googleapis.com/auth/firebase","https://www.googleapis.com/auth/cloud-platform"]
[debug] [2017-09-29T16:23:59.921Z] > authorizing via signed-in user
[debug] [2017-09-29T16:23:59.924Z] > refreshing access token with scopes: ["email","https://www.googleapis.com/auth/cloud-platform","https://www.googleapis.com/auth/cloudplatformprojects.readonly","https://www.googleapis.com/auth/firebase","openid"]
[debug] [2017-09-29T16:23:59.924Z] >>> HTTP REQUEST POST https://www.googleapis.com/oauth2/v3/token { refresh_token: '1/e_7_oaMzdvckMgmc0ZSsrmIhBaKUOEZkJ7IYY6UL8Zj0N9TtqMDmi8G4F-kVbx6s',
  client_id: '563584335869-fgrhgmd47bqnekij5i8b5pr03ho849e6.apps.googleusercontent.com',
  client_secret: 'j9iVZfS8kkCEFUPaAeJV0sAi',
  grant_type: 'refresh_token',
  scope: 'email https://www.googleapis.com/auth/cloud-platform https://www.googleapis.com/auth/cloudplatformprojects.readonly https://www.googleapis.com/auth/firebase openid' } 
 Fri Sep 29 2017 09:23:59 GMT-0700 (PDT)
[debug] [2017-09-29T16:24:00.091Z] <<< HTTP RESPONSE 200
[debug] [2017-09-29T16:24:00.105Z] >>> HTTP REQUEST GET https://admin.firebase.com/v1/projects/ers-dispatch  
 Fri Sep 29 2017 09:24:00 GMT-0700 (PDT)
[debug] [2017-09-29T16:24:00.583Z] <<< HTTP RESPONSE 200
[debug] [2017-09-29T16:24:00.584Z] >>> HTTP REQUEST GET https://admin.firebase.com/v1/database/ers-dispatch/tokens  
 Fri Sep 29 2017 09:24:00 GMT-0700 (PDT)
[debug] [2017-09-29T16:24:01.029Z] <<< HTTP RESPONSE 200
[info] 
[info] === Deploying to 'ers-dispatch'...
[info] 
[info] i  deploying hosting
[info] i  hosting: preparing / directory for upload...
[debug] [2017-09-29T16:24:12.108Z] >>> HTTP REQUEST PUT https://deploy.firebase.com/v1/hosting/ers-dispatch/uploads/-KvDRv-B6gKHSM4GrJKK?fileCount=16770&message=  
 Fri Sep 29 2017 09:24:12 GMT-0700 (PDT)
